("WIDTH(5): ZERO FLAG\n\t[%0*i]\n", 5, 1)
("WIDTH(5): MIN FLAG\n\t[%-*i]\n", 5, 1)
("WIDTH(5): SPACE FLAG\n\t[% *i]\n", 5, 1)
("WIDTH(5): PLUS FLAG\n\t[%+*i]\n", 5, 1)
("WIDTH(5): && MIN FLAG\t== ZERO FLAG IGNORED!\n\t[%0-*i]\n", 5, 1)
("WIDTH(5): && SPACE FLAG\t== PREFIX THEN ADD ZEROS\n\t[%0 *i]\n", 5, 1)
("WIDTH(5): && PLUS FLAG\t== PREFIX THEN ADD ZEROS\n\t[%0+*i]\n", 5, 1)
("WIDTH(5): && ZERO FLAG\t== ZERO FLAG IGNORED!\n\t[%0-*i]\n", 5, 1)
("WIDTH(5): && SPACE FLAG\t== PREFIX THEN LEFT ALLIGN\n\t[%- *i]\n", 5, 1)
("WIDTH(5): && PLUS FLAG\t== PREFIX THEN LEFT ALLIGN\n\t[%-+*i]\n", 5, 1)
("WIDTH(5): && ZERO FLAG\t== PREFIX THEN ADD ZEROS\n\t[%0 *i]\n", 5, 1)
("WIDTH(5): && MIN FLAG\t== PREFIX THEN LEFT ALLIGN\n\t[%- *i]\n", 5, 1)
("WIDTH(5): && PLUS FLAG\t== SPACE FLAG IGNORED!\n\t[% +*i]\n", 5, 1)
("WIDTH(5): && MIN FLAG\t== PREFIX THEN LEFT ALLIGN\n\t[%+-*i]\n", 5, 1)
("WIDTH(5): && SPACE FLAG\t== SPACE FLAG IGNORED!\n\t[%+ *i]\n", 5, 1)
("WIDTH(5): && ZERO FLAG\t== PREFIX THEN ADD ZEROS\n\t[%0+*i]\n", 5, 1)
("WIDTH(05) == WIDTH(5)\n\t[%*i]\n", 05, 1)
("WIDTH(5) && ZERO FLAG\n\t[%0*i]\n", 05, 1)
("WIDTH(5) && SPACE FLAG\n\t[% *i]\n", 05, 1)
("WIDTH(5) && PLUS FLAG\n\t[%+*i]\n", 05, 1)
("WIDTH(-5) => MIN FLAG\n\t[%*i]\n", -5, 1)
("WIDTH(-5) => MIN FLAG\n\t[%*i]\n", -05, 1)
("WIDTH(-5) && ZERO FLAG => MIN FLAG && ZERO FLAG IGNORED\n\t[%0*i]\n", -05, 1)
("WIDTH(-5) && MIN FLAG => MIN FLAG\n\t[%-*i]\n", -5, 1)
("WIDTH(-5) && SPACE FLAG => MIN FLAG && SPACE FLAG\n\t[% *i]\n", -5, 1)
("WIDTH(-5) && PLUS FLAG => MIN FLAG && PLUS FLAG\n\t[%+*i]\n", -5, 1)
("[%-3.2d] [%10.42d]\n", 0, 0)
("[%-3.2d] [%10.42d]\n", 1, -1)
(" 0*[%-0*.10d]*0 0*[%-0*.0d]*0 |\n", 21, 1021, 21, -1011)
("[%-7d]\n", 42)
("[%-7d]\n", -42)
("%% *.5i 42 == [% *.5i]\n", 4, 42)
("%% *.5i 42 == [% *.5i]\n", 4, -42)
("[% -03.d]\n", 0)
("[%+-03.d]\n", 0)
("[%+5.0d]\n", 0)
