("NORMAL \'d\'\n\t[%d]\n", 0)
("NORMAL \'d\'\n\t[%.d]\n", 0)
("NORMAL \'d\'\n\t[%.d]\n", 1)
("NORMAL \'d\'\n\t[%.d]\n", 42)
("NORMAL \'d\'\n\t[%d]\n", INT_MAX)
("NORMAL \'d\'\n\t[%d]\n", INT_MIN)
("NORMAL \'i\'\n\t[%i]\n", 0)
("NORMAL \'i\'\n\t[%i]\n", INT_MAX)
("NORMAL \'i\'\n\t[%i]\n", INT_MIN)
("WIDTH(5): ZERO FLAG\n\t[%0*i]\n", 5, 1)
("WIDTH(5): MIN FLAG\n\t[%-*i]\n", 5, 1)
("WIDTH(5): && MIN FLAG\t== ZERO FLAG IGNORED!\n\t[%0-*i]\n", 5, 1)
("WIDTH(5): && ZERO FLAG\t== ZERO FLAG IGNORED!\n\t[%0-*i]\n", 5, 1)
("WIDTH(5):\n\t[%*i]\n", 5, 1)
("WIDTH(05) == WIDTH(5)\n\t[%*i]\n", 05, 1)
("WIDTH(5) && ZERO FLAG\n\t[%0*i]\n", 05, 1)
("PRECISION(5) < AMOUNT OF DIGITS == NO PRECISION\n\t[%.*i]\n", 5, 1000000)
("NEG PRECISION(-5) == NO PRECISION\n\t[%.*i]\n", -5, 1000000)
("NEG PRECISION(-20) == NO PRECISION\n\t[%.*i]\n", -20, 1000000)
("PRECISION(20) > AMOUNT OF DIGITS == LEADING ZEROS ADDED\n\t[%.*i]\n", 20, 1000000)
("PRECISION(20) > AMOUNT OF DIGITS && MIN FLAG == LEADING ZEROS ADDED\n\t[%-.*i]\n", 20, 1000000)
("WIDTH(20) > PRECISION(5) == NO PRECISION ONLY WIDTH HANDLED\n\t[%*.*i]\n", 20, 5, 1000000)
("PRECISION(5) < AMOUNT OF DIGITS == NO PRECISION\n\t[%.*i]\n", 5, -1000000)
("NEG PRECISION(-5) == NO PRECISION\n\t[%.*i]\n", -5, -1000000)
("NEG PRECISION(-20) == NO PRECISION\n\t[%.*i]\n", -20, -1000000)
("PRECISION(20) > AMOUNT OF DIGITS == LEADING ZEROS ADDED AFTER SIGN\n\t[%.*i]\n", 20, -1000000)
("PRECISION(20) > AMOUNT OF DIGITS && MIN FLAG == LEADING ZEROS ADDED AFTER SIGN\n\t[%-.*i]\n", 20, -1000000)
("WIDTH(20) > PRECISION(5) == NO PRECISION ONLY WIDTH HANDLED\n\t[%*.*i]\n", 20, 5, -1000000)
("[%-3.2d] [%10.42d]\n", 0, 0)
("[%-3.2d] [%10.42d]\n", 1, -1)
("[%.0d]\n", 0, 0)
("[%.*d]\n", -4, 0)
(" 0*[%-0*.10d]*0 0*[%-0*.0d]*0 |\n", 21, 1021, 21, -1011)
("0*[%0*.*d]*0 \n", 21, 10, -101)
("[%09.0d]\n", UINT_MAX)
("[%011.1d]\n", UINT_MAX)
("[%011.2d]\n", UINT_MAX)
("[%7d]\n", 42)
("[%-7d]\n", 42)
("[%7d]\n", -42)
("[%-7d]\n", -42)
("PRECISION(5) < AMOUNT OF DIGITS == NO PRECISION\n\t[%.5i]\n", 1000000)
("NEG PRECISION(-5) == NO PRECISION\n\t[%.-5i]\n", 1000000)
("NEG PRECISION(-20) == NO PRECISION\n\t[%.-20i]\n", 1000000)
("PRECISION(20) > AMOUNT OF DIGITS == LEADING ZEROS ADDED\n\t[%.20i]\n", 1000000)
("PRECISION(20) > AMOUNT OF DIGITS && MIN FLAG == LEADING ZEROS ADDED\n\t[%-.20i]\n", 1000000)
("WIDTH(20) > PRECISION(5) == NO PRECISION ONLY WIDTH HANDLED\n\t[%20.5i]\n", 1000000)
("PRECISION(5) < AMOUNT OF DIGITS == NO PRECISION\n\t[%.5i]\n", -1000000)
("NEG PRECISION(-5) == NO PRECISION\n\t[%.-5i]\n", -1000000)
("NEG PRECISION(-20) == NO PRECISION\n\t[%.-20i]\n", -1000000)
("PRECISION(20) > AMOUNT OF DIGITS == LEADING ZEROS ADDED AFTER SIGN\n\t[%.20i]\n", -1000000)
("PRECISION(20) > AMOUNT OF DIGITS && MIN FLAG == LEADING ZEROS ADDED AFTER SIGN\n\t[%-.20i]\n", -1000000)
("WIDTH(20) > PRECISION(5) == NO PRECISION ONLY WIDTH HANDLED\n\t[%20.5i]\n", -1000000)
("WIDTH(20) == PRECISION(20)\n\t[%20.20i]\n", -1000000)
("WIDTH(5) == PRECISION(5)\n\t[%5.5i]\n", -1000000)
