("SHORT \'hd\'\n\t[%hd]\n", 0)
("SHORT \'hd\'\n\t[%hd]\n", SHRT_MAX)
("SHORT \'hd\'\n\t[%hd]\n", SHRT_MIN)
("SHORT(OVERFLOW) \'hd\'\n\t[%hd]\n", SHRT_MAX + 1)
("SHORT(OVERFLOW) \'hd\'\n\t[%hd]\n", SHRT_MIN - 1)
("SHORTCHAR \'hhd\'\n\t[%hhd]\n", 0)
("SHORTCHAR \'hhd\'\n\t[%hhd]\n", SCHAR_MAX)
("SHORTCHAR \'hhd\'\n\t[%hhd]\n", SCHAR_MIN)
("SHORTCHAR(OVERFLOW) \'hhd\'\n\t[%hhd]\n", SCHAR_MAX + 1)
("SHORTCHAR(OVERFLOW) \'hhd\'\n\t[%hhd]\n", SCHAR_MIN - 1)
("LONG \'ld\'\n\t[%ld]\n", 0)
("LONG \'ld\'\n\t[%ld]\n", LONG_MAX)
("LONG \'ld\'\n\t[%ld]\n", LONG_MIN)
("LONG(OVERFLOW) \'ld\'\n\t[%ld]\n", LONG_MAX + 1)
("LONG(OVERFLOW) \'ld\'\n\t[%ld]\n", LONG_MIN - 1)
("LONG LONG \'lld\'\n\t[%lld]\n", 0)
("LONG LONG \'lld\'\n\t[%lld]\n", LLONG_MAX)
("LONG LONG \'lld\'\n\t[%lld]\n", LLONG_MIN)
("LONG LONG(OVERFLOW) \'lld\'\n\t[%lld]\n", LLONG_MAX + 1)
("LONG LONG(OVERFLOW) \'lld\'\n\t[%lld]\n", LLONG_MIN - 1)
