("SHORT \'hx\'\n\t[%hx]\n", 0)
("SHORT \'hx\'\n\t[%hx]\n", SHRT_MAX)
("SHORT \'hx\'\n\t[%hx]\n", SHRT_MIN)
("SHORT(OVERFLOW) \'hx\'\n\t[%hx]\n", SHRT_MAX + 1)
("SHORT(OVERFLOW) \'hx\'\n\t[%hx]\n", SHRT_MIN - 1)
("SHORT \'hX\'\n\t[%hX]\n", 0)
("SHORT \'hX\'\n\t[%hX]\n", SHRT_MAX)
("SHORT \'hX\'\n\t[%hX]\n", SHRT_MIN)
("SHORT(OVERFLOW) \'hx\'\n\t[%hX]\n", SHRT_MAX + 1)
("SHORT(OVERFLOW) \'hx\'\n\t[%hX]\n", SHRT_MIN - 1)
("SHORTCHAR \'hhx\'\n\t[%hhx]\n", 0)
("SHORTCHAR \'hhx\'\n\t[%hhx]\n", SCHAR_MAX)
("SHORTCHAR \'hhx\'\n\t[%hhx]\n", SCHAR_MIN)
("SHORTCHAR(OVERFLOW) \'hhx\'\n\t[%hhx]\n", SCHAR_MAX + 1)
("SHORTCHAR(OVERFLOW) \'hhx\'\n\t[%hhx]\n", SCHAR_MIN - 1)
("SHORTCHAR \'hhX\'\n\t[%hhX]\n", 0)
("SHORTCHAR \'hhX\'\n\t[%hhX]\n", SCHAR_MAX)
("SHORTCHAR \'hhX\'\n\t[%hhX]\n", SCHAR_MIN)
("SHORTCHAR(OVERFLOW) \'hhX\'\n\t[%hhX]\n", SCHAR_MAX + 1)
("SHORTCHAR(OVERFLOW) \'hhX\'\n\t[%hhX]\n", SCHAR_MIN - 1)
("LONG \'lx\'\n\t[%lx]\n", 0)
("LONG \'lx\'\n\t[%lx]\n", LONG_MAX)
("LONG \'lx\'\n\t[%lx]\n", LONG_MIN)
("LONG(OVERFLOW) \'lx\'\n\t[%lx]\n", LONG_MAX + 1)
("LONG(OVERFLOW) \'lx\'\n\t[%lx]\n", LONG_MIN - 1)
("LONG \'lX\'\n\t[%lX]\n", 0)
("LONG \'lX\'\n\t[%lX]\n", LONG_MAX)
("LONG \'lX\'\n\t[%lX]\n", LONG_MIN)
("LONG(OVERFLOW) \'lX\'\n\t[%lX]\n", LONG_MAX + 1)
("LONG(OVERFLOW) \'lX\'\n\t[%lX]\n", LONG_MIN - 1)
("LONG LONG \'llx\'\n\t[%llx]\n", 0)
("LONG LONG \'llx\'\n\t[%llx]\n", LLONG_MAX)
("LONG LONG \'llx\'\n\t[%llx]\n", LLONG_MIN)
("LONG LONG(OVERFLOW) \'llx\'\n\t[%llx]\n", LLONG_MAX + 1)
("LONG LONG(OVERFLOW) \'llx\'\n\t[%llx]\n", LLONG_MIN - 1)
("LONG LONG \'llX\'\n\t[%llX]\n", 0)
("LONG LONG \'llX\'\n\t[%llX]\n", LLONG_MAX)
("LONG LONG \'llX\'\n\t[%llX]\n", LLONG_MIN)
("LONG LONG(OVERFLOW) \'llX\'\n\t[%llX]\n", LLONG_MAX + 1)
("LONG LONG(OVERFLOW) \'llX\'\n\t[%llX]\n", LLONG_MIN - 1)
