("NORMAL \'x\'\n\t[%x]\n", 0)
("NORMAL \'x\'\n\t[%.x]\n", 0)
("NORMAL \'x\'\n\t[%.x]\n", 1)
("NORMAL \'x\'\n\t[%.x]\n", 42)
("NORMAL \'x\'\n\t[%x]\n", INT_MAX)
("NORMAL \'x\'\n\t[%x]\n", INT_MIN)
("NORMAL \'x\'\n\t[%x]\n", 0)
("NORMAL \'x\'\n\t[%x]\n", INT_MAX)
("NORMAL \'x\'\n\t[%x]\n", INT_MIN)
("WIDTH(5): ZERO FLAG\n\t[%0*x]\n", 5, 1)
("WIDTH(5): MIN FLAG\n\t[%-*x]\n", 5, 1)
("WIDTH(5): && MIN FLAG\t== ZERO FLAG IGNORED!\n\t[%0-*x]\n", 5, 1)
("WIDTH(5): && ZERO FLAG\t== ZERO FLAG IGNORED!\n\t[%0-*x]\n", 5, 1)
("WIDTH(5):\n\t[%*x]\n", 5, 1)
("WIDTH(05) == WIDTH(5)\n\t[%*x]\n", 05, 1)
("WIDTH(5) && ZERO FLAG\n\t[%0*x]\n", 05, 1)
("PRECISION(5) < AMOUNT OF DIGITS == NO PRECISION\n\t[%.*x]\n", 5, 1000000)
("NEG PRECISION(-5) == NO PRECISION\n\t[%.*x]\n", -5, 1000000)
("NEG PRECISION(-20) == NO PRECISION\n\t[%.*x]\n", -20, 1000000)
("PRECISION(20) > AMOUNT OF DIGITS == LEADING ZEROS ADDED\n\t[%.*x]\n", 20, 1000000)
("PRECISION(20) > AMOUNT OF DIGITS && MIN FLAG == LEADING ZEROS ADDED\n\t[%-.*x]\n", 20, 1000000)
("WIDTH(20) > PRECISION(5) == NO PRECISION ONLY WIDTH HANDLED\n\t[%*.*x]\n", 20, 5, 1000000)
("PRECISION(5) < AMOUNT OF DIGITS == NO PRECISION\n\t[%.*x]\n", 5, -1000000)
("NEG PRECISION(-5) == NO PRECISION\n\t[%.*x]\n", -5, -1000000)
("NEG PRECISION(-20) == NO PRECISION\n\t[%.*x]\n", -20, -1000000)
("PRECISION(20) > AMOUNT OF DIGITS == LEADING ZEROS ADDED AFTER SIGN\n\t[%.*x]\n", 20, -1000000)
("PRECISION(20) > AMOUNT OF DIGITS && MIN FLAG == LEADING ZEROS ADDED AFTER SIGN\n\t[%-.*x]\n", 20, -1000000)
("WIDTH(20) > PRECISION(5) == NO PRECISION ONLY WIDTH HANDLED\n\t[%*.*x]\n", 20, 5, -1000000)
("[%-3.2x] [%10.42x]\n", 0, 0)
("[%-3.2x] [%10.42x]\n", 1, -1)
("[%.0x]\n", 0, 0)
("[%.*x]\n", -4, 0)
(" 0*[%-0*.10x]*0 0*[%-0*.0x]*0 |\n", 21, 1021, 21, -1011)
("0*[%0*.*x]*0 \n", 21, 10, -101)
("[%09.0x]\n", UINT_MAX)
("[%011.1x]\n", UINT_MAX)
("[%011.2x]\n", UINT_MAX)
("[%7x]\n", 42)
("[%-7x]\n", 42)
("[%7x]\n", -42)
("[%-7x]\n", -42)
("PRECISION(5) < AMOUNT OF DIGITS == NO PRECISION\n\t[%.5x]\n", 1000000)
("NEG PRECISION(-5) == NO PRECISION\n\t[%.-5x]\n", 1000000)
("NEG PRECISION(-20) == NO PRECISION\n\t[%.-20x]\n", 1000000)
("PRECISION(20) > AMOUNT OF DIGITS == LEADING ZEROS ADDED\n\t[%.20x]\n", 1000000)
("PRECISION(20) > AMOUNT OF DIGITS && MIN FLAG == LEADING ZEROS ADDED\n\t[%-.20x]\n", 1000000)
("WIDTH(20) > PRECISION(5) == NO PRECISION ONLY WIDTH HANDLED\n\t[%20.5x]\n", 1000000)
("PRECISION(5) < AMOUNT OF DIGITS == NO PRECISION\n\t[%.5x]\n", -1000000)
("NEG PRECISION(-5) == NO PRECISION\n\t[%.-5x]\n", -1000000)
("NEG PRECISION(-20) == NO PRECISION\n\t[%.-20x]\n", -1000000)
("PRECISION(20) > AMOUNT OF DIGITS == LEADING ZEROS ADDED AFTER SIGN\n\t[%.20x]\n", -1000000)
("PRECISION(20) > AMOUNT OF DIGITS && MIN FLAG == LEADING ZEROS ADDED AFTER SIGN\n\t[%-.20x]\n", -1000000)
("WIDTH(20) > PRECISION(5) == NO PRECISION ONLY WIDTH HANDLED\n\t[%20.5x]\n", -1000000)
("WIDTH(20) == PRECISION(20)\n\t[%20.20x]\n", -1000000)
("WIDTH(5) == PRECISION(5)\n\t[%5.5x]\n", -1000000)
("NORMAL \'X\'\n\t[%X]\n", 0)
("NORMAL \'X\'\n\t[%.X]\n", 0)
("NORMAL \'X\'\n\t[%.X]\n", 1)
("NORMAL \'X\'\n\t[%.X]\n", 42)
("NORMAL \'X\'\n\t[%X]\n", INT_MAX)
("NORMAL \'X\'\n\t[%X]\n", INT_MIN)
("NORMAL \'X\'\n\t[%X]\n", 0)
("NORMAL \'X\'\n\t[%X]\n", INT_MAX)
("NORMAL \'X\'\n\t[%X]\n", INT_MIN)
("WIDTH(5): ZERO FLAG\n\t[%0*X]\n", 5, 1)
("WIDTH(5): MIN FLAG\n\t[%-*X]\n", 5, 1)
("WIDTH(5): && MIN FLAG\t== ZERO FLAG IGNORED!\n\t[%0-*X]\n", 5, 1)
("WIDTH(5): && ZERO FLAG\t== ZERO FLAG IGNORED!\n\t[%0-*X]\n", 5, 1)
("WIDTH(5):\n\t[%*X]\n", 5, 1)
("WIDTH(05) == WIDTH(5)\n\t[%*X]\n", 05, 1)
("WIDTH(5) && ZERO FLAG\n\t[%0*X]\n", 05, 1)
("PRECISION(5) < AMOUNT OF DIGITS == NO PRECISION\n\t[%.*X]\n", 5, 1000000)
("NEG PRECISION(-5) == NO PRECISION\n\t[%.*X]\n", -5, 1000000)
("NEG PRECISION(-20) == NO PRECISION\n\t[%.*X]\n", -20, 1000000)
("PRECISION(20) > AMOUNT OF DIGITS == LEADING ZEROS ADDED\n\t[%.*X]\n", 20, 1000000)
("PRECISION(20) > AMOUNT OF DIGITS && MIN FLAG == LEADING ZEROS ADDED\n\t[%-.*X]\n", 20, 1000000)
("WIDTH(20) > PRECISION(5) == NO PRECISION ONLY WIDTH HANDLED\n\t[%*.*X]\n", 20, 5, 1000000)
("PRECISION(5) < AMOUNT OF DIGITS == NO PRECISION\n\t[%.*X]\n", 5, -1000000)
("NEG PRECISION(-5) == NO PRECISION\n\t[%.*X]\n", -5, -1000000)
("NEG PRECISION(-20) == NO PRECISION\n\t[%.*X]\n", -20, -1000000)
("PRECISION(20) > AMOUNT OF DIGITS == LEADING ZEROS ADDED AFTER SIGN\n\t[%.*X]\n", 20, -1000000)
("PRECISION(20) > AMOUNT OF DIGITS && MIN FLAG == LEADING ZEROS ADDED AFTER SIGN\n\t[%-.*X]\n", 20, -1000000)
("WIDTH(20) > PRECISION(5) == NO PRECISION ONLY WIDTH HANDLED\n\t[%*.*X]\n", 20, 5, -1000000)
("[%-3.2X] [%10.42X]\n", 0, 0)
("[%-3.2X] [%10.42X]\n", 1, -1)
("[%.0X]\n", 0, 0)
("[%.*X]\n", -4, 0)
(" 0*[%-0*.10X]*0 0*[%-0*.0X]*0 |\n", 21, 1021, 21, -1011)
("0*[%0*.*X]*0 \n", 21, 10, -101)
("[%09.0X]\n", UINT_MAX)
("[%011.1X]\n", UINT_MAX)
("[%011.2X]\n", UINT_MAX)
("[%7X]\n", 42)
("[%-7X]\n", 42)
("[%7X]\n", -42)
("[%-7X]\n", -42)
("PRECISION(5) < AMOUNT OF DIGITS == NO PRECISION\n\t[%.5X]\n", 1000000)
("NEG PRECISION(-5) == NO PRECISION\n\t[%.-5X]\n", 1000000)
("NEG PRECISION(-20) == NO PRECISION\n\t[%.-20X]\n", 1000000)
("PRECISION(20) > AMOUNT OF DIGITS == LEADING ZEROS ADDED\n\t[%.20X]\n", 1000000)
("PRECISION(20) > AMOUNT OF DIGITS && MIN FLAG == LEADING ZEROS ADDED\n\t[%-.20X]\n", 1000000)
("WIDTH(20) > PRECISION(5) == NO PRECISION ONLY WIDTH HANDLED\n\t[%20.5X]\n", 1000000)
("PRECISION(5) < AMOUNT OF DIGITS == NO PRECISION\n\t[%.5X]\n", -1000000)
("NEG PRECISION(-5) == NO PRECISION\n\t[%.-5X]\n", -1000000)
("NEG PRECISION(-20) == NO PRECISION\n\t[%.-20X]\n", -1000000)
("PRECISION(20) > AMOUNT OF DIGITS == LEADING ZEROS ADDED AFTER SIGN\n\t[%.20X]\n", -1000000)
("PRECISION(20) > AMOUNT OF DIGITS && MIN FLAG == LEADING ZEROS ADDED AFTER SIGN\n\t[%-.20X]\n", -1000000)
("WIDTH(20) > PRECISION(5) == NO PRECISION ONLY WIDTH HANDLED\n\t[%20.5X]\n", -1000000)
("WIDTH(20) == PRECISION(20)\n\t[%20.20X]\n", -1000000)
("WIDTH(5) == PRECISION(5)\n\t[%5.5X]\n", -1000000)
("[%09.1x]\n", UINT_MAX)
("[%09.1X]\n", UINT_MAX)
("[%09.2x]\n", UINT_MAX)
("[%09.2X]\n", UINT_MAX)
