("SHORT \'hx\'\n\t[%hx]\n", 0)
("SHORT \'hx\'\n\t[%hx]\n", SHRT_MAX)
("SHORT \'hx\'\n\t[%hx]\n", SHRT_MIN)
("SHORT(OVERFLOW) \'hx\'\n\t[%hx]\n", SHRT_MAX + 1)
("SHORT(OVERFLOW) \'hx\'\n\t[%hx]\n", SHRT_MIN - 1)
("SHORT \'hX\'\n\t[%hX]\n", 0)
("SHORT \'hX\'\n\t[%hX]\n", SHRT_MAX)
("SHORT \'hX\'\n\t[%hX]\n", SHRT_MIN)
("SHORT(OVERFLOW) \'hx\'\n\t[%hX]\n", SHRT_MAX + 1)
("SHORT(OVERFLOW) \'hx\'\n\t[%hX]\n", SHRT_MIN - 1)
("SHORTCHAR \'hhx\'\n\t[%hhx]\n", 0)
("SHORTCHAR \'hhx\'\n\t[%hhx]\n", SCHAR_MAX)
("SHORTCHAR \'hhx\'\n\t[%hhx]\n", SCHAR_MIN)
("SHORTCHAR(OVERFLOW) \'hhx\'\n\t[%hhx]\n", SCHAR_MAX + 1)
("SHORTCHAR(OVERFLOW) \'hhx\'\n\t[%hhx]\n", SCHAR_MIN - 1)
("SHORTCHAR \'hhX\'\n\t[%hhX]\n", 0)
("SHORTCHAR \'hhX\'\n\t[%hhX]\n", SCHAR_MAX)
("SHORTCHAR \'hhX\'\n\t[%hhX]\n", SCHAR_MIN)
("SHORTCHAR(OVERFLOW) \'hhX\'\n\t[%hhX]\n", SCHAR_MAX + 1)
("SHORTCHAR(OVERFLOW) \'hhX\'\n\t[%hhX]\n", SCHAR_MIN - 1)
("LONG \'lx\'\n\t[%lx]\n", 0)
("LONG \'lx\'\n\t[%lx]\n", LONG_MAX)
("LONG \'lx\'\n\t[%lx]\n", LONG_MIN)
("LONG(OVERFLOW) \'lx\'\n\t[%lx]\n", LONG_MAX + 1)
("LONG(OVERFLOW) \'lx\'\n\t[%lx]\n", LONG_MIN - 1)
("LONG \'lX\'\n\t[%lX]\n", 0)
("LONG \'lX\'\n\t[%lX]\n", LONG_MAX)
("LONG \'lX\'\n\t[%lX]\n", LONG_MIN)
("LONG(OVERFLOW) \'lX\'\n\t[%lX]\n", LONG_MAX + 1)
("LONG(OVERFLOW) \'lX\'\n\t[%lX]\n", LONG_MIN - 1)
("LONG LONG \'llx\'\n\t[%llx]\n", 0)
("LONG LONG \'llx\'\n\t[%llx]\n", LLONG_MAX)
("LONG LONG \'llx\'\n\t[%llx]\n", LLONG_MIN)
("LONG LONG(OVERFLOW) \'llx\'\n\t[%llx]\n", LLONG_MAX + 1)
("LONG LONG(OVERFLOW) \'llx\'\n\t[%llx]\n", LLONG_MIN - 1)
("LONG LONG \'llX\'\n\t[%llX]\n", 0)
("LONG LONG \'llX\'\n\t[%llX]\n", LLONG_MAX)
("LONG LONG \'llX\'\n\t[%llX]\n", LLONG_MIN)
("LONG LONG(OVERFLOW) \'llX\'\n\t[%llX]\n", LLONG_MAX + 1)
("LONG LONG(OVERFLOW) \'llX\'\n\t[%llX]\n", LLONG_MIN - 1)
("WIDTH(5): CARDINAL FLAG (LC HEX)\n\t[%#*x]\n", 5, 1)
("WIDTH(5): CARDINAL FLAG (UC HEX)\n\t[%#*X]\n", 5, 1)
("WIDTH(5): && CARDINAL FLAG (LC HEX)\t== PREFIX THEN ADD ZEROS\n\t[%0#*x]\n", 5, 1)
("WIDTH(5): && CARDINAL FLAG (UC HEX)\t== PREFIX THEN ADD ZEROS\n\t[%0#*X]\n", 5, 1)
("WIDTH(5): && CARDINAL FLAG (LC HEX)\t== PREFIX THEN LEFT ALLIGN\n\t[%-#*x]\n", 5, 1)
("WIDTH(5): && CARDINAL FLAG (UC HEX)\t== PREFIX THEN LEFT ALLIGN\n\t[%-#*X]\n", 5, 1)
("WIDTH(5): && CARDINAL FLAG (LC HEX)\t== SPACE FLAG IGNORED!\n\t[% #*x]\n", 5, 1)
("WIDTH(5): && CARDINAL FLAG (UC HEX)\t== SPACE FLAG IGNORED!\n\t[% #*X]\n", 5, 1)
("WIDTH(5): && CARDINAL FLAG (LC HEX)\t== SPACE FLAG IGNORED!\n\t[%+#*x]\n", 5, 1)
("WIDTH(5): && CARDINAL FLAG (UC HEX)\t== SPACE FLAG IGNORED!\n\t[%+#*X]\n", 5, 1)
("WIDTH(5): (LC HEX) && ZERO FLAG\t== PREFIX THEN ADD ZEROS\n\t[%0#*x]\n", 5, 1)
("WIDTH(5): (UC HEX) && ZERO FLAG\t== PREFIX THEN ADD ZEROS\n\t[%0#*X]\n", 5, 1)
("WIDTH(5): (LC HEX) && MIN FLAG\t== PREFIX THEN LEFT ALLIGN\n\t[%-#*x]\n", 5, 1)
("WIDTH(5): (UC HEX) && MIN FLAG\t== PREFIX THEN LEFT ALLIGN\n\t[%-#*X]\n", 5, 1)
("WIDTH(5): (LC HEX) && SPACE FLAG\t== SPACE FLAG IGNORED!\n\t[% #*x]\n", 5, 1)
("WIDTH(5): (UC HEX) && SPACE FLAG\t== SPACE FLAG IGNORED!\n\t[% #*X]\n", 5, 1)
("WIDTH(5): (LC HEX) && PLUS FLAG\t== PLUS FLAG IGNORED!\n\t[%+#*x]\n", 5, 1)
("WIDTH(5): (UC HEX) && PLUS FLAG\t== PLUS FLAG IGNORED!\n\t[%+#*X]\n", 5, 1)
("WIDTH(5): (LC HEX) && ZERO FLAG && MIN FLAG\t== PREFIX THEN LEFT ALLIGN\n\t[%0-#*x]\n", 5, 1)
("WIDTH(5): (UC HEX) && ZERO FLAG && MIN FLAG\t== PREFIX THEN LEFT ALLIGN\n\t[%0-#*X]\n", 5, 1)
("WIDTH(5): (LC HEX) && ZERO FLAG && SPACE FLAG\t== PREFIX THEN ADD ZEROS && SPACE IGNORED!\n\t[%0 #*x]\n", 5, 1)
("WIDTH(5): (UC HEX) && ZERO FLAG && SPACE FLAG\t== PREFIX THEN ADD ZEROS && SPACE IGNORED!\n\t[%0 #*X]\n", 5, 1)
("WIDTH(5): (LC HEX) && ZERO FLAG && PLUS FLAG\t== PREFIX THEN ADD ZEROS && PLUS IGNORED!\n\t[%0+#*x]\n", 5, 1)
("WIDTH(5): (UC HEX) && ZERO FLAG && PLUS FLAG\t== PREFIX THEN ADD ZEROS && PLUS IGNORED!\n\t[%0+#*X]\n", 5, 1)
("WIDTH(5): (LC HEX) && ALL FLAGS\t== ALL FLAGS IGNORED EXCEPT MINUS\n\t[%0#+- *x]\n", 5, 1)
("[%09.1x]\n", UINT_MAX)
("[%09.1X]\n", UINT_MAX)
("[%09.2x]\n", UINT_MAX)
("[%09.2X]\n", UINT_MAX)
("WIDTH(5): CARDINAL FLAG (LC HEX)\n\t[%#*x]\n", 5, 48)
("WIDTH(5): CARDINAL FLAG (UC HEX)\n\t[%#*X]\n", 5, 48)
("WIDTH(5): CARDINAL FLAG (LC HEX)\n\t[%#5x]\n", 48)
("WIDTH(5): CARDINAL FLAG (UC HEX)\n\t[%#5X]\n", 48)
("[%#-03.x]\n", 0)
("[%#-03x]\n", 0)
("[%#-03.2x]\n", 0)
("[%#x]\n", 0)
("[%#X]\n", 0)
("[%#2X]\n", 0)
