make all --print-data-base --no-builtin-variables --no-builtin-rules --question
# GNU Make 3.81
# Copyright (C) 2006  Free Software Foundation, Inc.
# This is free software; see the source for copying conditions.
# There is NO warranty; not even for MERCHANTABILITY or FITNESS FOR A
# PARTICULAR PURPOSE.

# This program built for i386-apple-darwin11.3.0
 

# Make data base, printed on Wed Dec  1 10:57:47 2021

# Variables

# automatic
<D = $(patsubst %/,%,$(dir $<))
# automatic
?F = $(notdir $?)
# environment
ELECTRON_NO_ATTACH_CONSOLE = 1
# environment
VSCODE_LOG_NATIVE = false
# automatic
?D = $(patsubst %/,%,$(dir $?))
# makefile (from `Makefile', line 55)
LPURP = \033[1;35m
# automatic
@D = $(patsubst %/,%,$(dir $@))
# automatic
@F = $(notdir $@)
# makefile
CURDIR := /Users/bcosters/own_projects/printf_tests
# makefile
SHELL = /bin/sh
# environment
DIRHISTORY_SIZE = 30
# environment
VSCODE_NLS_CONFIG = {"locale":"en-us","availableLanguages":{},"_languagePackSupport":true}
# environment
_ = /usr/bin/make
# makefile (from `Makefile', line 36)
CFLAGS = -Wall -Wextra -Werror -I.. -I$(HEAD)
# makefile (from `Makefile', line 1)
MAKEFILE_LIST :=  Makefile
# environment
VSCODE_NODE_CACHED_DATA_DIR = /Users/bcosters/Library/Application Support/Code/CachedData/b4c1bd0a9b03c749ea011b06c6d2676c8091a70c
# environment
VSCODE_VERBOSE_LOGGING = true
# environment
VSCODE_IPC_HOOK_EXTHOST = /var/folders/zz/zyxvpxvq6csfxvn_n00017tw0009yq/T/vscode-ipc-4de2caa0-6654-4b3e-aaa0-039f93527962.sock
# environment
VSCODE_CWD = /Users/bcosters/own_projects/printf_tests
# makefile (from `Makefile', line 21)
FINAL = finalresults.log
# environment
PATH = /Users/bcosters/.brew/bin:/usr/local/bin:/usr/bin:/bin:/usr/sbin:/sbin:/usr/local/munki:/Applications/Visual Studio Code.app/Contents/Resources/app/bin
# makefile (from `Makefile', line 26)
LIBHEAD = simple_debugs.h
# environment
LSCOLORS = Gxfxcxdxbxegedabagacad
# makefile (from `Makefile', line 38)
NOFLAG = -Wno-format -Wno-unused-parameter -Wno-unused-variable
# environment
LaunchInstanceID = C169B814-4157-4D2E-9E15-A9ECD5A6F6E7
# makefile (from `Makefile', line 28)
LOGDIR = logs/
# environment
VSCODE_LOG_STACK = false
# environment
ELECTRON_RUN_AS_NODE = 1
# makefile (from `Makefile', line 25)
LIB = debugs.a
# default
.FEATURES := target-specific order-only second-expansion else-if archives jobserver check-symlink
# environment
SSH_AUTH_SOCK = /private/tmp/com.apple.launchd.mmhy8zWuRN/Listeners
# automatic
%F = $(notdir $%)
# environment
HOMEBREW_TEMP = /tmp/bcosters/Homebrew/Temp
# makefile (from `Makefile', line 43)
YESNO = yesno.sh
# environment
VSCODE_PIPE_LOGGING = true
# environment
PWD = /Users/bcosters/own_projects/printf_tests
# environment
PKG_CONFIG_PATH = /Users/bcosters/.brew/Cellar/readline/8.1/lib/pkgconfig
# environment
ORIGINAL_XDG_CURRENT_DESKTOP = undefined
# makefile (from `Makefile', line 51)
GREEN = \033[0;32m
# makefile (from `Makefile', line 23)
HEAD = shell_scripts/simple_debugs.h ../ft_printf.h ../include/ft_printf.h ../includes/ft_printf.h ../incl/ft_printf.h
# environment
VSCODE_AMD_ENTRYPOINT = vs/workbench/services/extensions/node/extensionHostProcess
# environment
HOME = /Users/bcosters
# default
MAKEFILEPATH := /Applications/Xcode.app/Contents/Developer/Makefiles
# environment
VSCODE_CLI = 1
# environment
LOGNAME = bcosters
# environment
APPLICATION_INSIGHTS_NO_DIAGNOSTIC_CHANNEL = true
# environment
ZSH = /Users/bcosters/.oh-my-zsh
# environment
VSCODE_HANDLES_UNCAUGHT_ERRORS = true
# automatic
^D = $(patsubst %/,%,$(dir $^))
# makefile (from `Makefile', line 19)
TEST = temp_test.c
# environment
XPC_FLAGS = 0x0
# environment
COLORTERM = truecolor
# default
MAKE = $(MAKE_COMMAND)
# default
MAKECMDGOALS := all
# environment
HOMEBREW_CACHE = /tmp/bcosters/Homebrew/Caches
# makefile (from `Makefile', line 52)
LGREEN = \033[1;32m
# environment
SHLVL = 3
# makefile (from `Makefile', line 34)
CC = gcc
# default
MAKE_VERSION := 3.81
# environment
USER = bcosters
# makefile
.DEFAULT_GOAL := all
# makefile (from `Makefile', line 20)
RESULTS = Results.log
# environment
TERM_SESSION_ID = w0t0p0:CEC729C4-7935-4230-9D66-DEA4F88C70F9
# makefile (from `Makefile', line 30)
NAME = test
# makefile (from `Makefile', line 53)
ORANGE = \033[0;33m
# environment
LESS = -R
# automatic
%D = $(patsubst %/,%,$(dir $%))
# default
MAKE_COMMAND := /Applications/Xcode.app/Contents/Developer/usr/bin/make
# environment
TERM_PROGRAM = iTerm.app
# default
.VARIABLES := 
# environment
TMPDIR = /var/folders/zz/zyxvpxvq6csfxvn_n00017tw0009yq/T/
# automatic
*F = $(notdir $*)
# environment
VSCODE_IPC_HOOK = /Users/bcosters/Library/Application Support/Code/1.57.0-main.sock
# makefile (from `Makefile', line 50)
RED = \033[0;31m
# makefile
MAKEFLAGS = Rrqp
# environment
MFLAGS = -Rrqp
# automatic
*D = $(patsubst %/,%,$(dir $*))
# environment
TERM_PROGRAM_VERSION = 3.2.5
# makefile (from `Makefile', line 44)
MAIN = mainscript.sh
# environment
XPC_SERVICE_NAME = 0
# automatic
+D = $(patsubst %/,%,$(dir $+))
# makefile (from `Makefile', line 54)
YELLOW = \033[1;33m
# makefile (from `Makefile', line 42)
IMPORT = import_debugs.sh
# makefile (from `Makefile', line 56)
CYAN = \033[0;36m
# automatic
+F = $(notdir $+)
# environment
ITERM_SESSION_ID = w0t0p0:CEC729C4-7935-4230-9D66-DEA4F88C70F9
# environment
COLORFGBG = 7;0
# environment
__CF_USER_TEXT_ENCODING = 0x27D7:0x0:0x2
# environment
COMMAND_MODE = unix2003
# default
MAKEFILES := 
# makefile (from `Makefile', line 57)
ENDC = \033[0m
# automatic
<F = $(notdir $<)
# environment
ITERM_PROFILE = Default
# environment
PAGER = less
# environment
LC_ALL = C
# environment
SECURITYSESSIONID = 188a6
# automatic
^F = $(notdir $^)
# default
SUFFIXES := 
# makefile (from `Makefile', line 27)
SCRIPTDIR = shell_scripts/
# default
.INCLUDE_DIRS = /usr/local/include
# environment
MAKELEVEL := 0
# environment
LANG = C
# environment
TERM = xterm-256color
# environment
VSCODE_PID = 80939
# makefile (from `Makefile', line 45)
CHOICE = choice.sh
# variable set hash-table stats:
# Load=105/1024=10%, Rehash=0, Collisions=6/146=4%

# Pattern-specific Variable Values

# No pattern-specific variable values.

# Directories

# . (device 16777225, inode 473097): 7 files, no impossibilities.

# 7 files, no impossibilities in 1 directories.

# Implicit Rules

# No implicit rules.

# Files

all: start debugs choice end
#  Command-line target.
#  Implicit rule search has been done.
#  File does not exist.
#  File has been updated.
#  Needs to be updated (-q is set).
# variable set hash-table stats:
# Load=0/32=0%, Rehash=0, Collisions=0/15=0%

debugs:
#  Implicit rule search has not been done.
#  Modification time never checked.
#  File has not been updated.
#  commands to execute (from `Makefile', line 77):
	@bash $(SCRIPTDIR)$(MAIN)
	@echo
	

.PHONY: clean
#  Implicit rule search has not been done.
#  Modification time never checked.
#  File has not been updated.

# Not a target:
.SUFFIXES:
#  Implicit rule search has not been done.
#  Modification time never checked.
#  File has not been updated.

choice:
#  Implicit rule search has not been done.
#  Modification time never checked.
#  File has not been updated.
#  commands to execute (from `Makefile', line 82):
	@bash $(SCRIPTDIR)$(CHOICE)
	@echo
	

# Not a target:
Makefile:
#  Implicit rule search has been done.
#  Last modified 2021-12-01 10:57:35
#  File has been updated.
#  Successfully updated.
# variable set hash-table stats:
# Load=0/32=0%, Rehash=0, Collisions=0/0=0%

start:
#  Implicit rule search has not been done.
#  Implicit/static pattern stem: `'
#  File does not exist.
#  File has been updated.
#  Needs to be updated (-q is set).
# automatic
# @ := start
# automatic
# % := 
# automatic
# * := 
# automatic
# + := 
# automatic
# | := 
# automatic
# < := 
# automatic
# ^ := 
# automatic
# ? := 
# variable set hash-table stats:
# Load=8/32=25%, Rehash=0, Collisions=4/23=17%
#  commands to execute (from `Makefile', line 69):
	@echo "Welcome to $(LGREEN)PRINTF TESTER$(ENDC): $(YELLOW)RAPID FIRE $(LPURP)EDITION$(ENDC)"
	@echo "The builtin tester checks for $(CYAN)memory leaks$(ENDC)."
	@echo "Do you want to $(GREEN)start$(ENDC) the $(RED)FUN$(ENDC)?"
	@bash $(SCRIPTDIR)$(YESNO)
	@echo
	

test: Results.log
#  Implicit rule search has not been done.
#  Modification time never checked.
#  File has not been updated.
#  commands to execute (from `Makefile', line 89):
	@${CC} ${CFLAGS} ${NOFLAG} ../libftprintf.a ${LIB} ${TEST} -o ${NAME}
	@./${NAME} > result.log
	@rm -f ${NAME}
	

fclean: clean
 
#  Implicit rule search has not been done.
#  Modification time never checked.
#  File has not been updated.
#  commands to execute (from `Makefile', line 102):
	@rm -f ${wildcard tests/*mand*} ${wildcard tests/*bonus*}
	@rm -f ${FINAL}
	

Results.log:
#  Implicit rule search has not been done.
#  Modification time never checked.
#  File has not been updated.
#  commands to execute (from `Makefile', line 86):
	touch $(RESULTS)
	

# Not a target:
.DEFAULT:
#  Implicit rule search has not been done.
#  Modification time never checked.
#  File has not been updated.

re: fclean all
#  Implicit rule search has not been done.
#  Modification time never checked.
#  File has not been updated.

clean:
#  Phony target (prerequisite of .PHONY).
#  Implicit rule search has not been done.
#  File does not exist.
#  File has not been updated.
#  commands to execute (from `Makefile', line 98):
	@rm -f ${LIB} ${LIBHEAD}
	@rm -rf ${LOGDIR} ${NAME} ${TEST} ${RESULTS} result.log
	

end:
#  Implicit rule search has not been done.
#  Modification time never checked.
#  File has not been updated.
#  commands to execute (from `Makefile', line 93):
	@echo "$(ENDC)If there were any $(RED)KO's$(ENDC), check the $(LPURP)$(FINAL)$(ENDC) file for the logs of the tests"
	

# files hash-table stats:
# Load=14/1024=1%, Rehash=0, Collisions=0/37=0%
# VPATH Search Paths

# No `vpath' search paths.

# No general (`VPATH' variable) search path.

# # of strings in strcache: 1
# # of strcache buffers: 1
# strcache size: total = 4096 / max = 4096 / min = 4096 / avg = 4096
# strcache free: total = 4087 / max = 4087 / min = 4087 / avg = 4087

# Finished Make data base on Wed Dec  1 10:57:47 2021

 
